<?xml version="1.0" encoding="UTF-8"?>
<testng-results skipped="0" failed="0" ignored="0" total="2" passed="2">
  <reporter-output>
  </reporter-output>
  <suite name="Suite" duration-ms="823" started-at="2023-01-14T13:56:51Z" finished-at="2023-01-14T13:56:52Z">
    <groups>
    </groups>
    <test name="Test" duration-ms="823" started-at="2023-01-14T13:56:51Z" finished-at="2023-01-14T13:56:52Z">
      <class name="tests.DeleteProjects">
        <test-method status="PASS" signature="deleteProjects()[pri:0, instance:tests.DeleteProjects@7c469c48]" name="deleteProjects" duration-ms="594" started-at="2023-01-14T13:56:51Z" finished-at="2023-01-14T13:56:52Z">
          <reporter-output>
          </reporter-output>
        </test-method> <!-- deleteProjects -->
      </class> <!-- tests.DeleteProjects -->
      <class name="tests.ProjectCreation">
        <test-method status="PASS" signature="createProjetcts()[pri:0, instance:tests.ProjectCreation@12e61fe6]" name="createProjetcts" duration-ms="195" started-at="2023-01-14T13:56:52Z" finished-at="2023-01-14T13:56:52Z">
          <reporter-output>
          </reporter-output>
        </test-method> <!-- createProjetcts -->
      </class> <!-- tests.ProjectCreation -->
    </test> <!-- Test -->
  </suite> <!-- Suite -->
</testng-results>
